# JRE version: OpenJDK Runtime Environment (11.0.10) (build 11.0.10+0-b96-7249189)
# Java VM: OpenJDK 64-Bit Server VM (11.0.10+0-b96-7249189, mixed mode, tiered, compressed oops, g1 gc, windows-amd64)
Heap:
 garbage-first heap   total 115712K, used 19601K [0x00000000a0000000, 0x0000000100000000)
  region size 1024K, 4 young (4096K), 4 survivors (4096K)
 Metaspace       used 28893K, capacity 29521K, committed 29696K, reserved 1075200K
  class space    used 3831K, capacity 4047K, committed 4096K, reserved 1048576K
GC Heap History (13 events):
Event: 1.175 GC heap before
{Heap before GC invocations=0 (full 0):
 garbage-first heap   total 96256K, used 19456K [0x00000000a0000000, 0x0000000100000000)
  region size 1024K, 14 young (14336K), 0 survivors (0K)
 Metaspace       used 7443K, capacity 7671K, committed 7936K, reserved 1056768K
  class space    used 683K, capacity 748K, committed 768K, reserved 1048576K
}
Event: 1.183 GC heap after
{Heap after GC invocations=1 (full 0):
 garbage-first heap   total 96256K, used 7728K [0x00000000a0000000, 0x0000000100000000)
  region size 1024K, 2 young (2048K), 2 survivors (2048K)
 Metaspace       used 7443K, capacity 7671K, committed 7936K, reserved 1056768K
  class space    used 683K, capacity 748K, committed 768K, reserved 1048576K
}
Event: 1.920 GC heap before
{Heap before GC invocations=1 (full 0):
 garbage-first heap   total 96256K, used 18992K [0x00000000a0000000, 0x0000000100000000)
  region size 1024K, 13 young (13312K), 2 survivors (2048K)
 Metaspace       used 10829K, capacity 11071K, committed 11264K, reserved 1058816K
  class space    used 1143K, capacity 1201K, committed 1280K, reserved 1048576K
}
Event: 1.927 GC heap after
{Heap after GC invocations=2 (full 0):
 garbage-first heap   total 96256K, used 8920K [0x00000000a0000000, 0x0000000100000000)
  region size 1024K, 1 young (1024K), 1 survivors (1024K)
 Metaspace       used 10829K, capacity 11071K, committed 11264K, reserved 1058816K
  class space    used 1143K, capacity 1201K, committed 1280K, reserved 1048576K
}
Event: 2.972 GC heap before
{Heap before GC invocations=2 (full 0):
 garbage-first heap   total 96256K, used 33496K [0x00000000a0000000, 0x0000000100000000)
  region size 1024K, 26 young (26624K), 1 survivors (1024K)
 Metaspace       used 10995K, capacity 11200K, committed 11520K, reserved 1058816K
  class space    used 1144K, capacity 1201K, committed 1280K, reserved 1048576K
}
Event: 2.981 GC heap after
{Heap after GC invocations=3 (full 0):
 garbage-first heap   total 96256K, used 11537K [0x00000000a0000000, 0x0000000100000000)
  region size 1024K, 4 young (4096K), 4 survivors (4096K)
 Metaspace       used 10995K, capacity 11200K, committed 11520K, reserved 1058816K
  class space    used 1144K, capacity 1201K, committed 1280K, reserved 1048576K
}
Event: 5.949 GC heap before
{Heap before GC invocations=3 (full 0):
 garbage-first heap   total 96256K, used 46353K [0x00000000a0000000, 0x0000000100000000)
  region size 1024K, 38 young (38912K), 4 survivors (4096K)
 Metaspace       used 17166K, capacity 17609K, committed 17792K, reserved 1064960K
  class space    used 2024K, capacity 2175K, committed 2176K, reserved 1048576K
}
Event: 5.964 GC heap after
{Heap after GC invocations=4 (full 0):
 garbage-first heap   total 96256K, used 15621K [0x00000000a0000000, 0x0000000100000000)
  region size 1024K, 5 young (5120K), 5 survivors (5120K)
 Metaspace       used 17166K, capacity 17609K, committed 17792K, reserved 1064960K
  class space    used 2024K, capacity 2175K, committed 2176K, reserved 1048576K
}
Event: 6.817 GC heap before
{Heap before GC invocations=4 (full 0):
 garbage-first heap   total 96256K, used 38149K [0x00000000a0000000, 0x0000000100000000)
  region size 1024K, 28 young (28672K), 5 survivors (5120K)
 Metaspace       used 20545K, capacity 21063K, committed 21248K, reserved 1067008K
  class space    used 2521K, capacity 2693K, committed 2816K, reserved 1048576K
}
Event: 6.828 GC heap after
{Heap after GC invocations=5 (full 0):
 garbage-first heap   total 96256K, used 16583K [0x00000000a0000000, 0x0000000100000000)
  region size 1024K, 4 young (4096K), 4 survivors (4096K)
 Metaspace       used 20545K, capacity 21063K, committed 21248K, reserved 1067008K
  class space    used 2521K, capacity 2693K, committed 2816K, reserved 1048576K
}
Event: 8.003 GC heap before
{Heap before GC invocations=6 (full 0):
 garbage-first heap   total 96256K, used 52423K [0x00000000a0000000, 0x0000000100000000)
  region size 1024K, 39 young (39936K), 4 survivors (4096K)
 Metaspace       used 24542K, capacity 25147K, committed 25472K, reserved 1071104K
  class space    used 3153K, capacity 3376K, committed 3456K, reserved 1048576K
}
Event: 8.020 GC heap after
{Heap after GC invocations=7 (full 0):
 garbage-first heap   total 96256K, used 18167K [0x00000000a0000000, 0x0000000100000000)
  region size 1024K, 3 young (3072K), 3 survivors (3072K)
 Metaspace       used 24542K, capacity 25147K, committed 25472K, reserved 1071104K
  class space    used 3153K, capacity 3376K, committed 3456K, reserved 1048576K
}
Event: 9.767 GC heap before
{Heap before GC invocations=7 (full 0):
 garbage-first heap   total 96256K, used 59127K [0x00000000a0000000, 0x0000000100000000)
  region size 1024K, 43 young (44032K), 3 survivors (3072K)
 Metaspace       used 28893K, capacity 29521K, committed 29696K, reserved 1075200K
  class space    used 3831K, capacity 4047K, committed 4096K, reserved 1048576K
}

