# JRE version: OpenJDK Runtime Environment (11.0.10) (build 11.0.10+0-b96-7249189)
# Java VM: OpenJDK 64-Bit Server VM (11.0.10+0-b96-7249189, mixed mode, tiered, compressed oops, g1 gc, windows-amd64)
Heap:
 garbage-first heap   total 96256K, used 31380K [0x00000000a0000000, 0x0000000100000000)
  region size 1024K, 17 young (17408K), 3 survivors (3072K)
 Metaspace       used 26182K, capacity 26803K, committed 27008K, reserved 1073152K
  class space    used 3421K, capacity 3632K, committed 3712K, reserved 1048576K
GC Heap History (12 events):
Event: 1.632 GC heap before
{Heap before GC invocations=0 (full 0):
 garbage-first heap   total 96256K, used 19456K [0x00000000a0000000, 0x0000000100000000)
  region size 1024K, 14 young (14336K), 0 survivors (0K)
 Metaspace       used 7466K, capacity 7671K, committed 7936K, reserved 1056768K
  class space    used 683K, capacity 748K, committed 768K, reserved 1048576K
}
Event: 1.642 GC heap after
{Heap after GC invocations=1 (full 0):
 garbage-first heap   total 96256K, used 8033K [0x00000000a0000000, 0x0000000100000000)
  region size 1024K, 2 young (2048K), 2 survivors (2048K)
 Metaspace       used 7466K, capacity 7671K, committed 7936K, reserved 1056768K
  class space    used 683K, capacity 748K, committed 768K, reserved 1048576K
}
Event: 2.660 GC heap before
{Heap before GC invocations=1 (full 0):
 garbage-first heap   total 96256K, used 19297K [0x00000000a0000000, 0x0000000100000000)
  region size 1024K, 13 young (13312K), 2 survivors (2048K)
 Metaspace       used 10838K, capacity 11071K, committed 11264K, reserved 1058816K
  class space    used 1143K, capacity 1201K, committed 1280K, reserved 1048576K
}
Event: 2.668 GC heap after
{Heap after GC invocations=2 (full 0):
 garbage-first heap   total 96256K, used 8760K [0x00000000a0000000, 0x0000000100000000)
  region size 1024K, 1 young (1024K), 1 survivors (1024K)
 Metaspace       used 10838K, capacity 11071K, committed 11264K, reserved 1058816K
  class space    used 1143K, capacity 1201K, committed 1280K, reserved 1048576K
}
Event: 3.881 GC heap before
{Heap before GC invocations=2 (full 0):
 garbage-first heap   total 96256K, used 34360K [0x00000000a0000000, 0x0000000100000000)
  region size 1024K, 27 young (27648K), 1 survivors (1024K)
 Metaspace       used 11006K, capacity 11264K, committed 11520K, reserved 1058816K
  class space    used 1144K, capacity 1201K, committed 1280K, reserved 1048576K
}
Event: 3.891 GC heap after
{Heap after GC invocations=3 (full 0):
 garbage-first heap   total 96256K, used 12030K [0x00000000a0000000, 0x0000000100000000)
  region size 1024K, 4 young (4096K), 4 survivors (4096K)
 Metaspace       used 11006K, capacity 11264K, committed 11520K, reserved 1058816K
  class space    used 1144K, capacity 1201K, committed 1280K, reserved 1048576K
}
Event: 7.450 GC heap before
{Heap before GC invocations=3 (full 0):
 garbage-first heap   total 96256K, used 47870K [0x00000000a0000000, 0x0000000100000000)
  region size 1024K, 39 young (39936K), 4 survivors (4096K)
 Metaspace       used 17264K, capacity 17737K, committed 17792K, reserved 1064960K
  class space    used 2043K, capacity 2175K, committed 2176K, reserved 1048576K
}
Event: 7.479 GC heap after
{Heap after GC invocations=4 (full 0):
 garbage-first heap   total 96256K, used 15784K [0x00000000a0000000, 0x0000000100000000)
  region size 1024K, 4 young (4096K), 4 survivors (4096K)
 Metaspace       used 17264K, capacity 17737K, committed 17792K, reserved 1064960K
  class space    used 2043K, capacity 2175K, committed 2176K, reserved 1048576K
}
Event: 8.384 GC heap before
{Heap before GC invocations=4 (full 0):
 garbage-first heap   total 96256K, used 36264K [0x00000000a0000000, 0x0000000100000000)
  region size 1024K, 25 young (25600K), 4 survivors (4096K)
 Metaspace       used 20532K, capacity 21063K, committed 21248K, reserved 1067008K
  class space    used 2518K, capacity 2693K, committed 2816K, reserved 1048576K
}
Event: 8.396 GC heap after
{Heap after GC invocations=5 (full 0):
 garbage-first heap   total 96256K, used 16458K [0x00000000a0000000, 0x0000000100000000)
  region size 1024K, 1 young (1024K), 1 survivors (1024K)
 Metaspace       used 20532K, capacity 21063K, committed 21248K, reserved 1067008K
  class space    used 2518K, capacity 2693K, committed 2816K, reserved 1048576K
}
Event: 10.338 GC heap before
{Heap before GC invocations=6 (full 0):
 garbage-first heap   total 96256K, used 55370K [0x00000000a0000000, 0x0000000100000000)
  region size 1024K, 39 young (39936K), 1 survivors (1024K)
 Metaspace       used 24966K, capacity 25623K, committed 25728K, reserved 1071104K
  class space    used 3225K, capacity 3450K, committed 3456K, reserved 1048576K
}
Event: 10.347 GC heap after
{Heap after GC invocations=7 (full 0):
 garbage-first heap   total 96256K, used 18068K [0x00000000a0000000, 0x0000000100000000)
  region size 1024K, 3 young (3072K), 3 survivors (3072K)
 Metaspace       used 24966K, capacity 25623K, committed 25728K, reserved 1071104K
  class space    used 3225K, capacity 3450K, committed 3456K, reserved 1048576K
}

